#
# A fatal error has been detected by the Java Runtime Environment:
#
#  Internal Error (t:/workspace/open/src/hotspot/share/oops/generateOopMap.cpp:2164), pid=26568, tid=5128
#  fatal error: Illegal class file encountered. Try running with -Xverify:all in method emitirLicenciaPrueba
#
# JRE version: Java(TM) SE Runtime Environment (11.0.6+8) (build 11.0.6+8-LTS)
# Java VM: Java HotSpot(TM) 64-Bit Server VM (11.0.6+8-LTS, mixed mode, tiered, compressed oops, g1 gc, windows-amd64)
# No core dump will be written. Minidumps are not enabled by default on client versions of Windows
#
# If you would like to submit a bug report, please visit:
#   http://bugreport.java.com/bugreport/crash.jsp
#

---------------  S U M M A R Y ------------

Command Line: -agentlib:jdwp=transport=dt_socket,suspend=y,address=localhost:53723 -ea -javaagent:C:\Users\joche\eclipse\java-2019-12\eclipse\configuration\org.eclipse.osgi\226\0\.cp\lib\javaagent-shaded.jar -Dfile.encoding=UTF-8 org.eclipse.jdt.internal.junit.runner.RemoteTestRunner -version 3 -port 53722 -testLoaderClass org.eclipse.jdt.internal.junit4.runner.JUnit4TestLoader -loaderpluginname org.eclipse.jdt.junit4.runtime -test software.josecarbone.tp.metodos.agiles.DAOLicenciaTest:emitirLicenciaPrueba

Host: AMD Ryzen 7 PRO 3700U w/ Radeon Vega Mobile Gfx, 8 cores, 13G,  Windows 10 , 64 bit Build 19041 (10.0.19041.662)
Time: Tue Dec 15 02:15:53 2020 Hora estándar de Argentina elapsed time: 1348 seconds (0d 0h 22m 28s)

---------------  T H R E A D  ---------------

Current thread (0x0000013e2f3d9000):  VMThread "VM Thread" [stack: 0x0000000cc5200000,0x0000000cc5300000] [id=5128]

Stack: [0x0000000cc5200000,0x0000000cc5300000]
[error occurred during error reporting (printing stack bounds), id 0xc0000005, EXCEPTION_ACCESS_VIOLATION (0xc0000005) at pc=0x0000013e141b0bad]

Native frames: (J=compiled Java code, j=interpreted, Vv=VM code, C=native code)
V  [jvm.dll+0x63679a]
V  [jvm.dll+0x7755bf]
V  [jvm.dll+0x776c65]
V  [jvm.dll+0x777235]
V  [jvm.dll+0x7771eb]
V  [jvm.dll+0x635e96]
V  [jvm.dll+0x636268]
C  [ntdll.dll+0xa130f]
C  [ntdll.dll+0x4b5e4]
C  [ntdll.dll+0x9fe3e]
C  0x0000013e141b0bad

VM_Operation (0x0000000cc5cff480): GetOrSetLocal, mode: safepoint, requested by thread 0x0000013e2f7ae000


---------------  P R O C E S S  ---------------

Threads class SMR info:
_java_thread_list=0x0000013e315c6ef0, length=15, elements={
0x0000013e0be20800, 0x0000013e2f3de800, 0x0000013e2f40a800, 0x0000013e2f412800,
0x0000013e2f414000, 0x0000013e2f45d000, 0x0000013e2f468800, 0x0000013e2f479000,
0x0000013e2f5de000, 0x0000013e2f7ae000, 0x0000013e2f941000, 0x0000013e2f941800,
0x0000013e2fc38000, 0x0000013e2faf1000, 0x0000013e376b9800
}

Java Threads: ( => current thread )
  0x0000013e0be20800 JavaThread "main" [_thread_blocked, id=4276, stack(0x0000000cc4c00000,0x0000000cc4d00000)]
  0x0000013e2f3de800 JavaThread "Reference Handler" daemon [_thread_blocked, id=15852, stack(0x0000000cc5300000,0x0000000cc5400000)]
  0x0000013e2f40a800 JavaThread "Finalizer" daemon [_thread_blocked, id=21516, stack(0x0000000cc5400000,0x0000000cc5500000)]
  0x0000013e2f412800 JavaThread "Signal Dispatcher" daemon [_thread_blocked, id=10772, stack(0x0000000cc5500000,0x0000000cc5600000)]
  0x0000013e2f414000 JavaThread "Attach Listener" daemon [_thread_blocked, id=7268, stack(0x0000000cc5600000,0x0000000cc5700000)]
  0x0000013e2f45d000 JavaThread "C2 CompilerThread0" daemon [_thread_blocked, id=8312, stack(0x0000000cc5700000,0x0000000cc5800000)]
  0x0000013e2f468800 JavaThread "C1 CompilerThread0" daemon [_thread_blocked, id=23664, stack(0x0000000cc5800000,0x0000000cc5900000)]
  0x0000013e2f479000 JavaThread "Sweeper thread" daemon [_thread_blocked, id=25664, stack(0x0000000cc5900000,0x0000000cc5a00000)]
  0x0000013e2f5de000 JavaThread "Common-Cleaner" daemon [_thread_blocked, id=14072, stack(0x0000000cc5a00000,0x0000000cc5b00000)]
  0x0000013e2f7ae000 JavaThread "JDWP Transport Listener: dt_socket" daemon [_thread_blocked, id=23312, stack(0x0000000cc5c00000,0x0000000cc5d00000)] _threads_hazard_ptr=0x0000013e315c6ef0
  0x0000013e2f941000 JavaThread "JDWP Event Helper Thread" daemon [_thread_blocked, id=14896, stack(0x0000000cc5d00000,0x0000000cc5e00000)]
  0x0000013e2f941800 JavaThread "JDWP Command Reader" daemon [_thread_in_native, id=21068, stack(0x0000000cc5e00000,0x0000000cc5f00000)]
  0x0000013e2fc38000 JavaThread "Service Thread" daemon [_thread_blocked, id=23068, stack(0x0000000cc5f00000,0x0000000cc6000000)]
  0x0000013e2faf1000 JavaThread "ReaderThread" [_thread_in_native, id=7080, stack(0x0000000cc6100000,0x0000000cc6200000)]
  0x0000013e376b9800 JavaThread "Hibernate Connection Pool Validation Thread" daemon [_thread_blocked, id=24168, stack(0x0000000cc6900000,0x0000000cc6a00000)]

Other Threads:
=>0x0000013e2f3d9000 VMThread "VM Thread" [stack: 0x0000000cc5200000,0x0000000cc5300000] [id=5128]
  0x0000013e2fb21800 WatcherThread [stack: 0x0000000cc6000000,0x0000000cc6100000] [id=24680]
  0x0000013e0be37000 GCTaskThread "GC Thread#0" [stack: 0x0000000cc4d00000,0x0000000cc4e00000] [id=11552]
  0x0000013e2feee800 GCTaskThread "GC Thread#1" [stack: 0x0000000cc6200000,0x0000000cc6300000] [id=25300]
  0x0000013e2fc71000 GCTaskThread "GC Thread#2" [stack: 0x0000000cc6300000,0x0000000cc6400000] [id=8668]
  0x0000013e2fc71800 GCTaskThread "GC Thread#3" [stack: 0x0000000cc6400000,0x0000000cc6500000] [id=12200]
  0x0000013e2ff0d800 GCTaskThread "GC Thread#4" [stack: 0x0000000cc6500000,0x0000000cc6600000] [id=20432]
  0x0000013e0be8a000 ConcurrentGCThread "G1 Main Marker" [stack: 0x0000000cc4e00000,0x0000000cc4f00000] [id=18264]
  0x0000013e0be8b000 ConcurrentGCThread "G1 Conc#0" [stack: 0x0000000cc4f00000,0x0000000cc5000000] [id=23308]
  0x0000013e33cc1800 ConcurrentGCThread "G1 Conc#1" [stack: 0x0000000cc6600000,0x0000000cc6700000] [id=8284]
  0x0000013e2ea3c800 ConcurrentGCThread "G1 Refine#0" [stack: 0x0000000cc5000000,0x0000000cc5100000] [id=13836]
  0x0000013e2ea3f000 ConcurrentGCThread "G1 Young RemSet Sampling" [stack: 0x0000000cc5100000,0x0000000cc5200000] [id=16680]

Threads with active compile tasks:

VM state:at safepoint (normal execution)

VM Mutex/Monitor currently owned by a thread:  ([mutex/lock_event])
[0x0000013e0be1c8e0] Threads_lock - owner thread: 0x0000013e2f3d9000

Heap address: 0x0000000721e00000, size: 3554 MB, Compressed Oops mode: Zero based, Oop shift amount: 3
Narrow klass base: 0x0000000800000000, Narrow klass shift: 0
Compressed class space size: 1073741824 Address: 0x0000000800000000

Heap:
 garbage-first heap   total 229376K, used 31744K [0x0000000721e00000, 0x0000000800000000)
  region size 1024K, 32 young (32768K), 8 survivors (8192K)
 Metaspace       used 37610K, capacity 38062K, committed 38352K, reserved 1083392K
  class space    used 4452K, capacity 4624K, committed 4736K, reserved 1048576K
Heap Regions: E=young(eden), S=young(survivor), O=old, HS=humongous(starts), HC=humongous(continues), CS=collection set, F=free, A=archive, TAMS=top-at-mark-start (previous, next)
|   0|0x0000000721e00000, 0x0000000721f00000, 0x0000000721f00000|100%|HS|  |TAMS 0x0000000721f00000, 0x0000000721e00000| Complete 
|   1|0x0000000721f00000, 0x0000000721f00000, 0x0000000722000000|  0%| F|  |TAMS 0x0000000721f00000, 0x0000000721f00000| Untracked 
|   2|0x0000000722000000, 0x0000000722000000, 0x0000000722100000|  0%| F|  |TAMS 0x0000000722000000, 0x0000000722000000| Untracked 
|   3|0x0000000722100000, 0x0000000722100000, 0x0000000722200000|  0%| F|  |TAMS 0x0000000722100000, 0x0000000722100000| Untracked 
|   4|0x0000000722200000, 0x0000000722200000, 0x0000000722300000|  0%| F|  |TAMS 0x0000000722200000, 0x0000000722200000| Untracked 
|   5|0x0000000722300000, 0x0000000722300000, 0x0000000722400000|  0%| F|  |TAMS 0x0000000722300000, 0x0000000722300000| Untracked 
|   6|0x0000000722400000, 0x0000000722400000, 0x0000000722500000|  0%| F|  |TAMS 0x0000000722400000, 0x0000000722400000| Untracked 
|   7|0x0000000722500000, 0x0000000722500000, 0x0000000722600000|  0%| F|  |TAMS 0x0000000722500000, 0x0000000722500000| Untracked 
|   8|0x0000000722600000, 0x0000000722600000, 0x0000000722700000|  0%| F|  |TAMS 0x0000000722600000, 0x0000000722600000| Untracked 
|   9|0x0000000722700000, 0x0000000722700000, 0x0000000722800000|  0%| F|  |TAMS 0x0000000722700000, 0x0000000722700000| Untracked 
|  10|0x0000000722800000, 0x0000000722800000, 0x0000000722900000|  0%| F|  |TAMS 0x0000000722800000, 0x0000000722800000| Untracked 
|  11|0x0000000722900000, 0x0000000722900000, 0x0000000722a00000|  0%| F|  |TAMS 0x0000000722900000, 0x0000000722900000| Untracked 
|  12|0x0000000722a00000, 0x0000000722a00000, 0x0000000722b00000|  0%| F|  |TAMS 0x0000000722a00000, 0x0000000722a00000| Untracked 
|  13|0x0000000722b00000, 0x0000000722b00000, 0x0000000722c00000|  0%| F|  |TAMS 0x0000000722b00000, 0x0000000722b00000| Untracked 
|  14|0x0000000722c00000, 0x0000000722c00000, 0x0000000722d00000|  0%| F|  |TAMS 0x0000000722c00000, 0x0000000722c00000| Untracked 
|  15|0x0000000722d00000, 0x0000000722d00000, 0x0000000722e00000|  0%| F|  |TAMS 0x0000000722d00000, 0x0000000722d00000| Untracked 
|  16|0x0000000722e00000, 0x0000000722e00000, 0x0000000722f00000|  0%| F|  |TAMS 0x0000000722e00000, 0x0000000722e00000| Untracked 
|  17|0x0000000722f00000, 0x0000000722f00000, 0x0000000723000000|  0%| F|  |TAMS 0x0000000722f00000, 0x0000000722f00000| Untracked 
|  18|0x0000000723000000, 0x0000000723000000, 0x0000000723100000|  0%| F|  |TAMS 0x0000000723000000, 0x0000000723000000| Untracked 
|  19|0x0000000723100000, 0x0000000723100000, 0x0000000723200000|  0%| F|  |TAMS 0x0000000723100000, 0x0000000723100000| Untracked 
|  20|0x0000000723200000, 0x0000000723200000, 0x0000000723300000|  0%| F|  |TAMS 0x0000000723200000, 0x0000000723200000| Untracked 
|  21|0x0000000723300000, 0x0000000723300000, 0x0000000723400000|  0%| F|  |TAMS 0x0000000723300000, 0x0000000723300000| Untracked 
|  22|0x0000000723400000, 0x0000000723400000, 0x0000000723500000|  0%| F|  |TAMS 0x0000000723400000, 0x0000000723400000| Untracked 
|  23|0x0000000723500000, 0x0000000723500000, 0x0000000723600000|  0%| F|  |TAMS 0x0000000723500000, 0x0000000723500000| Untracked 
|  24|0x0000000723600000, 0x0000000723600000, 0x0000000723700000|  0%| F|  |TAMS 0x0000000723600000, 0x0000000723600000| Untracked 
|  25|0x0000000723700000, 0x0000000723700000, 0x0000000723800000|  0%| F|  |TAMS 0x0000000723700000, 0x0000000723700000| Untracked 
|  26|0x0000000723800000, 0x0000000723800000, 0x0000000723900000|  0%| F|  |TAMS 0x0000000723800000, 0x0000000723800000| Untracked 
|  27|0x0000000723900000, 0x0000000723900000, 0x0000000723a00000|  0%| F|  |TAMS 0x0000000723900000, 0x0000000723900000| Untracked 
|  28|0x0000000723a00000, 0x0000000723a00000, 0x0000000723b00000|  0%| F|  |TAMS 0x0000000723a00000, 0x0000000723a00000| Untracked 
|  29|0x0000000723b00000, 0x0000000723b00000, 0x0000000723c00000|  0%| F|  |TAMS 0x0000000723b00000, 0x0000000723b00000| Untracked 
|  30|0x0000000723c00000, 0x0000000723c00000, 0x0000000723d00000|  0%| F|  |TAMS 0x0000000723c00000, 0x0000000723c00000| Untracked 
|  31|0x0000000723d00000, 0x0000000723d00000, 0x0000000723e00000|  0%| F|  |TAMS 0x0000000723d00000, 0x0000000723d00000| Untracked 
|  32|0x0000000723e00000, 0x0000000723e00000, 0x0000000723f00000|  0%| F|  |TAMS 0x0000000723e00000, 0x0000000723e00000| Untracked 
|  33|0x0000000723f00000, 0x0000000723f00000, 0x0000000724000000|  0%| F|  |TAMS 0x0000000723f00000, 0x0000000723f00000| Untracked 
|  34|0x0000000724000000, 0x0000000724000000, 0x0000000724100000|  0%| F|  |TAMS 0x0000000724000000, 0x0000000724000000| Untracked 
|  35|0x0000000724100000, 0x0000000724100000, 0x0000000724200000|  0%| F|  |TAMS 0x0000000724100000, 0x0000000724100000| Untracked 
|  36|0x0000000724200000, 0x0000000724200000, 0x0000000724300000|  0%| F|  |TAMS 0x0000000724200000, 0x0000000724200000| Untracked 
|  37|0x0000000724300000, 0x0000000724300000, 0x0000000724400000|  0%| F|  |TAMS 0x0000000724300000, 0x0000000724300000| Untracked 
|  38|0x0000000724400000, 0x0000000724400000, 0x0000000724500000|  0%| F|  |TAMS 0x0000000724400000, 0x0000000724400000| Untracked 
|  39|0x0000000724500000, 0x0000000724500000, 0x0000000724600000|  0%| F|  |TAMS 0x0000000724500000, 0x0000000724500000| Untracked 
|  40|0x0000000724600000, 0x0000000724600000, 0x0000000724700000|  0%| F|  |TAMS 0x0000000724600000, 0x0000000724600000| Untracked 
|  41|0x0000000724700000, 0x0000000724700000, 0x0000000724800000|  0%| F|  |TAMS 0x0000000724700000, 0x0000000724700000| Untracked 
|  42|0x0000000724800000, 0x0000000724800000, 0x0000000724900000|  0%| F|  |TAMS 0x0000000724800000, 0x0000000724800000| Untracked 
|  43|0x0000000724900000, 0x0000000724900000, 0x0000000724a00000|  0%| F|  |TAMS 0x0000000724900000, 0x0000000724900000| Untracked 
|  44|0x0000000724a00000, 0x0000000724a00000, 0x0000000724b00000|  0%| F|  |TAMS 0x0000000724a00000, 0x0000000724a00000| Untracked 
|  45|0x0000000724b00000, 0x0000000724b00000, 0x0000000724c00000|  0%| F|  |TAMS 0x0000000724b00000, 0x0000000724b00000| Untracked 
|  46|0x0000000724c00000, 0x0000000724c00000, 0x0000000724d00000|  0%| F|  |TAMS 0x0000000724c00000, 0x0000000724c00000| Untracked 
|  47|0x0000000724d00000, 0x0000000724d00000, 0x0000000724e00000|  0%| F|  |TAMS 0x0000000724d00000, 0x0000000724d00000| Untracked 
|  48|0x0000000724e00000, 0x0000000724e00000, 0x0000000724f00000|  0%| F|  |TAMS 0x0000000724e00000, 0x0000000724e00000| Untracked 
|  49|0x0000000724f00000, 0x0000000724f00000, 0x0000000725000000|  0%| F|  |TAMS 0x0000000724f00000, 0x0000000724f00000| Untracked 
|  50|0x0000000725000000, 0x0000000725000000, 0x0000000725100000|  0%| F|  |TAMS 0x0000000725000000, 0x0000000725000000| Untracked 
|  51|0x0000000725100000, 0x0000000725100000, 0x0000000725200000|  0%| F|  |TAMS 0x0000000725100000, 0x0000000725100000| Untracked 
|  52|0x0000000725200000, 0x0000000725200000, 0x0000000725300000|  0%| F|  |TAMS 0x0000000725200000, 0x0000000725200000| Untracked 
|  53|0x0000000725300000, 0x0000000725300000, 0x0000000725400000|  0%| F|  |TAMS 0x0000000725300000, 0x0000000725300000| Untracked 
|  54|0x0000000725400000, 0x0000000725400000, 0x0000000725500000|  0%| F|  |TAMS 0x0000000725400000, 0x0000000725400000| Untracked 
|  55|0x0000000725500000, 0x0000000725500000, 0x0000000725600000|  0%| F|  |TAMS 0x0000000725500000, 0x0000000725500000| Untracked 
|  56|0x0000000725600000, 0x0000000725600000, 0x0000000725700000|  0%| F|  |TAMS 0x0000000725600000, 0x0000000725600000| Untracked 
|  57|0x0000000725700000, 0x0000000725700000, 0x0000000725800000|  0%| F|  |TAMS 0x0000000725700000, 0x0000000725700000| Untracked 
|  58|0x0000000725800000, 0x0000000725800000, 0x0000000725900000|  0%| F|  |TAMS 0x0000000725800000, 0x0000000725800000| Untracked 
|  59|0x0000000725900000, 0x0000000725900000, 0x0000000725a00000|  0%| F|  |TAMS 0x0000000725900000, 0x0000000725900000| Untracked 
|  60|0x0000000725a00000, 0x0000000725a00000, 0x0000000725b00000|  0%| F|  |TAMS 0x0000000725a00000, 0x0000000725a00000| Untracked 
|  61|0x0000000725b00000, 0x0000000725b00000, 0x0000000725c00000|  0%| F|  |TAMS 0x0000000725b00000, 0x0000000725b00000| Untracked 
|  62|0x0000000725c00000, 0x0000000725c00000, 0x0000000725d00000|  0%| F|  |TAMS 0x0000000725c00000, 0x0000000725c00000| Untracked 
|  63|0x0000000725d00000, 0x0000000725d00000, 0x0000000725e00000|  0%| F|  |TAMS 0x0000000725d00000, 0x0000000725d00000| Untracked 
|  64|0x0000000725e00000, 0x0000000725e00000, 0x0000000725f00000|  0%| F|  |TAMS 0x0000000725e00000, 0x0000000725e00000| Untracked 
|  65|0x0000000725f00000, 0x0000000725f00000, 0x0000000726000000|  0%| F|  |TAMS 0x0000000725f00000, 0x0000000725f00000| Untracked 
|  66|0x0000000726000000, 0x0000000726000000, 0x0000000726100000|  0%| F|  |TAMS 0x0000000726000000, 0x0000000726000000| Untracked 
|  67|0x0000000726100000, 0x0000000726100000, 0x0000000726200000|  0%| F|  |TAMS 0x0000000726100000, 0x0000000726100000| Untracked 
|  68|0x0000000726200000, 0x0000000726200000, 0x0000000726300000|  0%| F|  |TAMS 0x0000000726200000, 0x0000000726200000| Untracked 
|  69|0x0000000726300000, 0x0000000726300000, 0x0000000726400000|  0%| F|  |TAMS 0x0000000726300000, 0x0000000726300000| Untracked 
|  70|0x0000000726400000, 0x0000000726400000, 0x0000000726500000|  0%| F|  |TAMS 0x0000000726400000, 0x0000000726400000| Untracked 
|  71|0x0000000726500000, 0x0000000726500000, 0x0000000726600000|  0%| F|  |TAMS 0x0000000726500000, 0x0000000726500000| Untracked 
|  72|0x0000000726600000, 0x0000000726600000, 0x0000000726700000|  0%| F|  |TAMS 0x0000000726600000, 0x0000000726600000| Untracked 
|  73|0x0000000726700000, 0x0000000726700000, 0x0000000726800000|  0%| F|  |TAMS 0x0000000726700000, 0x0000000726700000| Untracked 
|  74|0x0000000726800000, 0x0000000726800000, 0x0000000726900000|  0%| F|  |TAMS 0x0000000726800000, 0x0000000726800000| Untracked 
|  75|0x0000000726900000, 0x0000000726900000, 0x0000000726a00000|  0%| F|  |TAMS 0x0000000726900000, 0x0000000726900000| Untracked 
|  76|0x0000000726a00000, 0x0000000726a00000, 0x0000000726b00000|  0%| F|  |TAMS 0x0000000726a00000, 0x0000000726a00000| Untracked 
|  77|0x0000000726b00000, 0x0000000726b00000, 0x0000000726c00000|  0%| F|  |TAMS 0x0000000726b00000, 0x0000000726b00000| Untracked 
|  78|0x0000000726c00000, 0x0000000726c00000, 0x0000000726d00000|  0%| F|  |TAMS 0x0000000726c00000, 0x0000000726c00000| Untracked 
|  79|0x0000000726d00000, 0x0000000726d00000, 0x0000000726e00000|  0%| F|  |TAMS 0x0000000726d00000, 0x0000000726d00000| Untracked 
|  80|0x0000000726e00000, 0x0000000726e00000, 0x0000000726f00000|  0%| F|  |TAMS 0x0000000726e00000, 0x0000000726e00000| Untracked 
|  81|0x0000000726f00000, 0x0000000726f00000, 0x0000000727000000|  0%| F|  |TAMS 0x0000000726f00000, 0x0000000726f00000| Untracked 
|  82|0x0000000727000000, 0x0000000727000000, 0x0000000727100000|  0%| F|  |TAMS 0x0000000727000000, 0x0000000727000000| Untracked 
|  83|0x0000000727100000, 0x0000000727100000, 0x0000000727200000|  0%| F|  |TAMS 0x0000000727100000, 0x0000000727100000| Untracked 
|  84|0x0000000727200000, 0x0000000727200000, 0x0000000727300000|  0%| F|  |TAMS 0x0000000727200000, 0x0000000727200000| Untracked 
|  85|0x0000000727300000, 0x0000000727300000, 0x0000000727400000|  0%| F|  |TAMS 0x0000000727300000, 0x0000000727300000| Untracked 
|  86|0x0000000727400000, 0x0000000727400000, 0x0000000727500000|  0%| F|  |TAMS 0x0000000727400000, 0x0000000727400000| Untracked 
|  87|0x0000000727500000, 0x0000000727500000, 0x0000000727600000|  0%| F|  |TAMS 0x0000000727500000, 0x0000000727500000| Untracked 
|  88|0x0000000727600000, 0x0000000727600000, 0x0000000727700000|  0%| F|  |TAMS 0x0000000727600000, 0x0000000727600000| Untracked 
|  89|0x0000000727700000, 0x0000000727700000, 0x0000000727800000|  0%| F|  |TAMS 0x0000000727700000, 0x0000000727700000| Untracked 
|  90|0x0000000727800000, 0x0000000727800000, 0x0000000727900000|  0%| F|  |TAMS 0x0000000727800000, 0x0000000727800000| Untracked 
|  91|0x0000000727900000, 0x0000000727900000, 0x0000000727a00000|  0%| F|  |TAMS 0x0000000727900000, 0x0000000727900000| Untracked 
|  92|0x0000000727a00000, 0x0000000727a00000, 0x0000000727b00000|  0%| F|  |TAMS 0x0000000727a00000, 0x0000000727a00000| Untracked 
|  93|0x0000000727b00000, 0x0000000727b00000, 0x0000000727c00000|  0%| F|  |TAMS 0x0000000727b00000, 0x0000000727b00000| Untracked 
|  94|0x0000000727c00000, 0x0000000727c00000, 0x0000000727d00000|  0%| F|  |TAMS 0x0000000727c00000, 0x0000000727c00000| Untracked 
|  95|0x0000000727d00000, 0x0000000727d00000, 0x0000000727e00000|  0%| F|  |TAMS 0x0000000727d00000, 0x0000000727d00000| Untracked 
|  96|0x0000000727e00000, 0x0000000727e00000, 0x0000000727f00000|  0%| F|  |TAMS 0x0000000727e00000, 0x0000000727e00000| Untracked 
|  97|0x0000000727f00000, 0x0000000727f00000, 0x0000000728000000|  0%| F|  |TAMS 0x0000000727f00000, 0x0000000727f00000| Untracked 
|  98|0x0000000728000000, 0x0000000728000000, 0x0000000728100000|  0%| F|  |TAMS 0x0000000728000000, 0x0000000728000000| Untracked 
|  99|0x0000000728100000, 0x0000000728100000, 0x0000000728200000|  0%| F|  |TAMS 0x0000000728100000, 0x0000000728100000| Untracked 
| 100|0x0000000728200000, 0x0000000728200000, 0x0000000728300000|  0%| F|  |TAMS 0x0000000728200000, 0x0000000728200000| Untracked 
| 101|0x0000000728300000, 0x0000000728300000, 0x0000000728400000|  0%| F|  |TAMS 0x0000000728300000, 0x0000000728300000| Untracked 
| 102|0x0000000728400000, 0x0000000728400000, 0x0000000728500000|  0%| F|  |TAMS 0x0000000728400000, 0x0000000728400000| Untracked 
| 103|0x0000000728500000, 0x0000000728500000, 0x0000000728600000|  0%| F|  |TAMS 0x0000000728500000, 0x0000000728500000| Untracked 
| 104|0x0000000728600000, 0x0000000728600000, 0x0000000728700000|  0%| F|  |TAMS 0x0000000728600000, 0x0000000728600000| Untracked 
| 105|0x0000000728700000, 0x0000000728700000, 0x0000000728800000|  0%| F|  |TAMS 0x0000000728700000, 0x0000000728700000| Untracked 
| 106|0x0000000728800000, 0x0000000728800000, 0x0000000728900000|  0%| F|  |TAMS 0x0000000728800000, 0x0000000728800000| Untracked 
| 107|0x0000000728900000, 0x0000000728900000, 0x0000000728a00000|  0%| F|  |TAMS 0x0000000728900000, 0x0000000728900000| Untracked 
| 108|0x0000000728a00000, 0x0000000728a00000, 0x0000000728b00000|  0%| F|  |TAMS 0x0000000728a00000, 0x0000000728a00000| Untracked 
| 109|0x0000000728b00000, 0x0000000728b00000, 0x0000000728c00000|  0%| F|  |TAMS 0x0000000728b00000, 0x0000000728b00000| Untracked 
| 110|0x0000000728c00000, 0x0000000728c00000, 0x0000000728d00000|  0%| F|  |TAMS 0x0000000728c00000, 0x0000000728c00000| Untracked 
| 111|0x0000000728d00000, 0x0000000728d00000, 0x0000000728e00000|  0%| F|  |TAMS 0x0000000728d00000, 0x0000000728d00000| Untracked 
| 112|0x0000000728e00000, 0x0000000728e00000, 0x0000000728f00000|  0%| F|  |TAMS 0x0000000728e00000, 0x0000000728e00000| Untracked 
| 113|0x0000000728f00000, 0x0000000728f00000, 0x0000000729000000|  0%| F|  |TAMS 0x0000000728f00000, 0x0000000728f00000| Untracked 
| 114|0x0000000729000000, 0x0000000729000000, 0x0000000729100000|  0%| F|  |TAMS 0x0000000729000000, 0x0000000729000000| Untracked 
| 115|0x0000000729100000, 0x0000000729100000, 0x0000000729200000|  0%| F|  |TAMS 0x0000000729100000, 0x0000000729100000| Untracked 
| 116|0x0000000729200000, 0x0000000729200000, 0x0000000729300000|  0%| F|  |TAMS 0x0000000729200000, 0x0000000729200000| Untracked 
| 117|0x0000000729300000, 0x0000000729300000, 0x0000000729400000|  0%| F|  |TAMS 0x0000000729300000, 0x0000000729300000| Untracked 
| 118|0x0000000729400000, 0x0000000729400000, 0x0000000729500000|  0%| F|  |TAMS 0x0000000729400000, 0x0000000729400000| Untracked 
| 119|0x0000000729500000, 0x0000000729500000, 0x0000000729600000|  0%| F|  |TAMS 0x0000000729500000, 0x0000000729500000| Untracked 
| 120|0x0000000729600000, 0x0000000729600000, 0x0000000729700000|  0%| F|  |TAMS 0x0000000729600000, 0x0000000729600000| Untracked 
| 121|0x0000000729700000, 0x0000000729700000, 0x0000000729800000|  0%| F|  |TAMS 0x0000000729700000, 0x0000000729700000| Untracked 
| 122|0x0000000729800000, 0x0000000729800000, 0x0000000729900000|  0%| F|  |TAMS 0x0000000729800000, 0x0000000729800000| Untracked 
| 123|0x0000000729900000, 0x0000000729900000, 0x0000000729a00000|  0%| F|  |TAMS 0x0000000729900000, 0x0000000729900000| Untracked 
| 124|0x0000000729a00000, 0x0000000729a00000, 0x0000000729b00000|  0%| F|  |TAMS 0x0000000729a00000, 0x0000000729a00000| Untracked 
| 125|0x0000000729b00000, 0x0000000729b00000, 0x0000000729c00000|  0%| F|  |TAMS 0x0000000729b00000, 0x0000000729b00000| Untracked 
| 126|0x0000000729c00000, 0x0000000729c00000, 0x0000000729d00000|  0%| F|  |TAMS 0x0000000729c00000, 0x0000000729c00000| Untracked 
| 127|0x0000000729d00000, 0x0000000729d00000, 0x0000000729e00000|  0%| F|  |TAMS 0x0000000729d00000, 0x0000000729d00000| Untracked 
| 128|0x0000000729e00000, 0x0000000729e00000, 0x0000000729f00000|  0%| F|  |TAMS 0x0000000729e00000, 0x0000000729e00000| Untracked 
| 129|0x0000000729f00000, 0x0000000729f00000, 0x000000072a000000|  0%| F|  |TAMS 0x0000000729f00000, 0x0000000729f00000| Untracked 
| 130|0x000000072a000000, 0x000000072a000000, 0x000000072a100000|  0%| F|  |TAMS 0x000000072a000000, 0x000000072a000000| Untracked 
| 131|0x000000072a100000, 0x000000072a100000, 0x000000072a200000|  0%| F|  |TAMS 0x000000072a100000, 0x000000072a100000| Untracked 
| 132|0x000000072a200000, 0x000000072a200000, 0x000000072a300000|  0%| F|  |TAMS 0x000000072a200000, 0x000000072a200000| Untracked 
| 133|0x000000072a300000, 0x000000072a300000, 0x000000072a400000|  0%| F|  |TAMS 0x000000072a300000, 0x000000072a300000| Untracked 
| 134|0x000000072a400000, 0x000000072a400000, 0x000000072a500000|  0%| F|  |TAMS 0x000000072a400000, 0x000000072a400000| Untracked 
| 135|0x000000072a500000, 0x000000072a500000, 0x000000072a600000|  0%| F|  |TAMS 0x000000072a500000, 0x000000072a500000| Untracked 
| 136|0x000000072a600000, 0x000000072a600000, 0x000000072a700000|  0%| F|  |TAMS 0x000000072a600000, 0x000000072a600000| Untracked 
| 137|0x000000072a700000, 0x000000072a700000, 0x000000072a800000|  0%| F|  |TAMS 0x000000072a700000, 0x000000072a700000| Untracked 
| 138|0x000000072a800000, 0x000000072a800000, 0x000000072a900000|  0%| F|  |TAMS 0x000000072a800000, 0x000000072a800000| Untracked 
| 139|0x000000072a900000, 0x000000072a900000, 0x000000072aa00000|  0%| F|  |TAMS 0x000000072a900000, 0x000000072a900000| Untracked 
| 140|0x000000072aa00000, 0x000000072aa00000, 0x000000072ab00000|  0%| F|  |TAMS 0x000000072aa00000, 0x000000072aa00000| Untracked 
| 141|0x000000072ab00000, 0x000000072ab00000, 0x000000072ac00000|  0%| F|  |TAMS 0x000000072ab00000, 0x000000072ab00000| Untracked 
| 142|0x000000072ac00000, 0x000000072ac00000, 0x000000072ad00000|  0%| F|  |TAMS 0x000000072ac00000, 0x000000072ac00000| Untracked 
| 143|0x000000072ad00000, 0x000000072ad00000, 0x000000072ae00000|  0%| F|  |TAMS 0x000000072ad00000, 0x000000072ad00000| Untracked 
| 144|0x000000072ae00000, 0x000000072ae00000, 0x000000072af00000|  0%| F|  |TAMS 0x000000072ae00000, 0x000000072ae00000| Untracked 
| 145|0x000000072af00000, 0x000000072af00000, 0x000000072b000000|  0%| F|  |TAMS 0x000000072af00000, 0x000000072af00000| Untracked 
| 146|0x000000072b000000, 0x000000072b000000, 0x000000072b100000|  0%| F|  |TAMS 0x000000072b000000, 0x000000072b000000| Untracked 
| 147|0x000000072b100000, 0x000000072b100000, 0x000000072b200000|  0%| F|  |TAMS 0x000000072b100000, 0x000000072b100000| Untracked 
| 148|0x000000072b200000, 0x000000072b200000, 0x000000072b300000|  0%| F|  |TAMS 0x000000072b200000, 0x000000072b200000| Untracked 
| 149|0x000000072b300000, 0x000000072b300000, 0x000000072b400000|  0%| F|  |TAMS 0x000000072b300000, 0x000000072b300000| Untracked 
| 150|0x000000072b400000, 0x000000072b400000, 0x000000072b500000|  0%| F|  |TAMS 0x000000072b400000, 0x000000072b400000| Untracked 
| 151|0x000000072b500000, 0x000000072b500000, 0x000000072b600000|  0%| F|  |TAMS 0x000000072b500000, 0x000000072b500000| Untracked 
| 152|0x000000072b600000, 0x000000072b600000, 0x000000072b700000|  0%| F|  |TAMS 0x000000072b600000, 0x000000072b600000| Untracked 
| 153|0x000000072b700000, 0x000000072b700000, 0x000000072b800000|  0%| F|  |TAMS 0x000000072b700000, 0x000000072b700000| Untracked 
| 154|0x000000072b800000, 0x000000072b800000, 0x000000072b900000|  0%| F|  |TAMS 0x000000072b800000, 0x000000072b800000| Untracked 
| 155|0x000000072b900000, 0x000000072b900000, 0x000000072ba00000|  0%| F|  |TAMS 0x000000072b900000, 0x000000072b900000| Untracked 
| 156|0x000000072ba00000, 0x000000072bb00000, 0x000000072bb00000|100%| S|CS|TAMS 0x000000072ba00000, 0x000000072ba00000| Complete 
| 157|0x000000072bb00000, 0x000000072bc00000, 0x000000072bc00000|100%| S|CS|TAMS 0x000000072bb00000, 0x000000072bb00000| Complete 
| 158|0x000000072bc00000, 0x000000072bd00000, 0x000000072bd00000|100%| S|CS|TAMS 0x000000072bc00000, 0x000000072bc00000| Complete 
| 159|0x000000072bd00000, 0x000000072be00000, 0x000000072be00000|100%| S|CS|TAMS 0x000000072bd00000, 0x000000072bd00000| Complete 
| 160|0x000000072be00000, 0x000000072bf00000, 0x000000072bf00000|100%| S|CS|TAMS 0x000000072be00000, 0x000000072be00000| Complete 
| 161|0x000000072bf00000, 0x000000072c000000, 0x000000072c000000|100%| S|CS|TAMS 0x000000072bf00000, 0x000000072bf00000| Complete 
| 162|0x000000072c000000, 0x000000072c100000, 0x000000072c100000|100%| S|CS|TAMS 0x000000072c000000, 0x000000072c000000| Complete 
| 163|0x000000072c100000, 0x000000072c200000, 0x000000072c200000|100%| S|CS|TAMS 0x000000072c100000, 0x000000072c100000| Complete 
| 164|0x000000072c200000, 0x000000072c200000, 0x000000072c300000|  0%| F|  |TAMS 0x000000072c200000, 0x000000072c200000| Untracked 
| 165|0x000000072c300000, 0x000000072c300000, 0x000000072c400000|  0%| F|  |TAMS 0x000000072c300000, 0x000000072c300000| Untracked 
| 166|0x000000072c400000, 0x000000072c400000, 0x000000072c500000|  0%| F|  |TAMS 0x000000072c400000, 0x000000072c400000| Untracked 
| 167|0x000000072c500000, 0x000000072c500000, 0x000000072c600000|  0%| F|  |TAMS 0x000000072c500000, 0x000000072c500000| Untracked 
| 168|0x000000072c600000, 0x000000072c600000, 0x000000072c700000|  0%| F|  |TAMS 0x000000072c600000, 0x000000072c600000| Untracked 
| 169|0x000000072c700000, 0x000000072c700000, 0x000000072c800000|  0%| F|  |TAMS 0x000000072c700000, 0x000000072c700000| Untracked 
| 170|0x000000072c800000, 0x000000072c800000, 0x000000072c900000|  0%| F|  |TAMS 0x000000072c800000, 0x000000072c800000| Untracked 
| 171|0x000000072c900000, 0x000000072c900000, 0x000000072ca00000|  0%| F|  |TAMS 0x000000072c900000, 0x000000072c900000| Untracked 
| 172|0x000000072ca00000, 0x000000072ca00000, 0x000000072cb00000|  0%| F|  |TAMS 0x000000072ca00000, 0x000000072ca00000| Untracked 
| 173|0x000000072cb00000, 0x000000072cb00000, 0x000000072cc00000|  0%| F|  |TAMS 0x000000072cb00000, 0x000000072cb00000| Untracked 
| 174|0x000000072cc00000, 0x000000072cc00000, 0x000000072cd00000|  0%| F|  |TAMS 0x000000072cc00000, 0x000000072cc00000| Untracked 
| 175|0x000000072cd00000, 0x000000072cd00000, 0x000000072ce00000|  0%| F|  |TAMS 0x000000072cd00000, 0x000000072cd00000| Untracked 
| 176|0x000000072ce00000, 0x000000072ce00000, 0x000000072cf00000|  0%| F|  |TAMS 0x000000072ce00000, 0x000000072ce00000| Untracked 
| 177|0x000000072cf00000, 0x000000072cf00000, 0x000000072d000000|  0%| F|  |TAMS 0x000000072cf00000, 0x000000072cf00000| Untracked 
| 178|0x000000072d000000, 0x000000072d000000, 0x000000072d100000|  0%| F|  |TAMS 0x000000072d000000, 0x000000072d000000| Untracked 
| 179|0x000000072d100000, 0x000000072d100000, 0x000000072d200000|  0%| F|  |TAMS 0x000000072d100000, 0x000000072d100000| Untracked 
| 180|0x000000072d200000, 0x000000072d200000, 0x000000072d300000|  0%| F|  |TAMS 0x000000072d200000, 0x000000072d200000| Untracked 
| 181|0x000000072d300000, 0x000000072d300000, 0x000000072d400000|  0%| F|  |TAMS 0x000000072d300000, 0x000000072d300000| Untracked 
| 182|0x000000072d400000, 0x000000072d400000, 0x000000072d500000|  0%| F|  |TAMS 0x000000072d400000, 0x000000072d400000| Untracked 
| 183|0x000000072d500000, 0x000000072d500000, 0x000000072d600000|  0%| F|  |TAMS 0x000000072d500000, 0x000000072d500000| Untracked 
| 184|0x000000072d600000, 0x000000072d600000, 0x000000072d700000|  0%| F|  |TAMS 0x000000072d600000, 0x000000072d600000| Untracked 
| 185|0x000000072d700000, 0x000000072d700000, 0x000000072d800000|  0%| F|  |TAMS 0x000000072d700000, 0x000000072d700000| Untracked 
| 186|0x000000072d800000, 0x000000072d800000, 0x000000072d900000|  0%| F|  |TAMS 0x000000072d800000, 0x000000072d800000| Untracked 
| 187|0x000000072d900000, 0x000000072d900000, 0x000000072da00000|  0%| F|  |TAMS 0x000000072d900000, 0x000000072d900000| Untracked 
| 188|0x000000072da00000, 0x000000072da00000, 0x000000072db00000|  0%| F|  |TAMS 0x000000072da00000, 0x000000072da00000| Untracked 
| 189|0x000000072db00000, 0x000000072db00000, 0x000000072dc00000|  0%| F|  |TAMS 0x000000072db00000, 0x000000072db00000| Untracked 
| 190|0x000000072dc00000, 0x000000072dc00000, 0x000000072dd00000|  0%| F|  |TAMS 0x000000072dc00000, 0x000000072dc00000| Untracked 
| 191|0x000000072dd00000, 0x000000072dd00000, 0x000000072de00000|  0%| F|  |TAMS 0x000000072dd00000, 0x000000072dd00000| Untracked 
| 192|0x000000072de00000, 0x000000072de00000, 0x000000072df00000|  0%| F|  |TAMS 0x000000072de00000, 0x000000072de00000| Untracked 
| 193|0x000000072df00000, 0x000000072df00000, 0x000000072e000000|  0%| F|  |TAMS 0x000000072df00000, 0x000000072df00000| Untracked 
| 194|0x000000072e000000, 0x000000072e000000, 0x000000072e100000|  0%| F|  |TAMS 0x000000072e000000, 0x000000072e000000| Untracked 
| 195|0x000000072e100000, 0x000000072e100000, 0x000000072e200000|  0%| F|  |TAMS 0x000000072e100000, 0x000000072e100000| Untracked 
| 196|0x000000072e200000, 0x000000072e200000, 0x000000072e300000|  0%| F|  |TAMS 0x000000072e200000, 0x000000072e200000| Untracked 
| 197|0x000000072e300000, 0x000000072e300000, 0x000000072e400000|  0%| F|  |TAMS 0x000000072e300000, 0x000000072e300000| Untracked 
| 198|0x000000072e400000, 0x000000072e400000, 0x000000072e500000|  0%| F|  |TAMS 0x000000072e400000, 0x000000072e400000| Untracked 
| 199|0x000000072e500000, 0x000000072e500000, 0x000000072e600000|  0%| F|  |TAMS 0x000000072e500000, 0x000000072e500000| Untracked 
| 200|0x000000072e600000, 0x000000072e680800, 0x000000072e700000| 50%| E|  |TAMS 0x000000072e600000, 0x000000072e600000| Complete 
| 201|0x000000072e700000, 0x000000072e800000, 0x000000072e800000|100%| E|CS|TAMS 0x000000072e700000, 0x000000072e700000| Complete 
| 202|0x000000072e800000, 0x000000072e900000, 0x000000072e900000|100%| E|CS|TAMS 0x000000072e800000, 0x000000072e800000| Complete 
| 203|0x000000072e900000, 0x000000072ea00000, 0x000000072ea00000|100%| E|CS|TAMS 0x000000072e900000, 0x000000072e900000| Complete 
| 204|0x000000072ea00000, 0x000000072eb00000, 0x000000072eb00000|100%| E|CS|TAMS 0x000000072ea00000, 0x000000072ea00000| Complete 
| 205|0x000000072eb00000, 0x000000072ec00000, 0x000000072ec00000|100%| E|CS|TAMS 0x000000072eb00000, 0x000000072eb00000| Complete 
| 206|0x000000072ec00000, 0x000000072ed00000, 0x000000072ed00000|100%| E|CS|TAMS 0x000000072ec00000, 0x000000072ec00000| Complete 
| 207|0x000000072ed00000, 0x000000072ee00000, 0x000000072ee00000|100%| E|CS|TAMS 0x000000072ed00000, 0x000000072ed00000| Complete 
| 208|0x000000072ee00000, 0x000000072ef00000, 0x000000072ef00000|100%| E|CS|TAMS 0x000000072ee00000, 0x000000072ee00000| Complete 
| 209|0x000000072ef00000, 0x000000072f000000, 0x000000072f000000|100%| E|CS|TAMS 0x000000072ef00000, 0x000000072ef00000| Complete 
| 210|0x000000072f000000, 0x000000072f100000, 0x000000072f100000|100%| E|CS|TAMS 0x000000072f000000, 0x000000072f000000| Complete 
| 211|0x000000072f100000, 0x000000072f200000, 0x000000072f200000|100%| E|CS|TAMS 0x000000072f100000, 0x000000072f100000| Complete 
| 212|0x000000072f200000, 0x000000072f300000, 0x000000072f300000|100%| E|CS|TAMS 0x000000072f200000, 0x000000072f200000| Complete 
| 213|0x000000072f300000, 0x000000072f400000, 0x000000072f400000|100%| E|CS|TAMS 0x000000072f300000, 0x000000072f300000| Complete 
| 214|0x000000072f400000, 0x000000072f500000, 0x000000072f500000|100%| E|CS|TAMS 0x000000072f400000, 0x000000072f400000| Complete 
| 215|0x000000072f500000, 0x000000072f600000, 0x000000072f600000|100%| E|CS|TAMS 0x000000072f500000, 0x000000072f500000| Complete 
| 216|0x000000072f600000, 0x000000072f700000, 0x000000072f700000|100%| E|CS|TAMS 0x000000072f600000, 0x000000072f600000| Complete 
| 217|0x000000072f700000, 0x000000072f800000, 0x000000072f800000|100%| E|  |TAMS 0x000000072f700000, 0x000000072f700000| Complete 
| 218|0x000000072f800000, 0x000000072f900000, 0x000000072f900000|100%| E|CS|TAMS 0x000000072f800000, 0x000000072f800000| Complete 
| 219|0x000000072f900000, 0x000000072fa00000, 0x000000072fa00000|100%| E|CS|TAMS 0x000000072f900000, 0x000000072f900000| Complete 
| 220|0x000000072fa00000, 0x000000072fb00000, 0x000000072fb00000|100%| E|CS|TAMS 0x000000072fa00000, 0x000000072fa00000| Complete 
| 221|0x000000072fb00000, 0x000000072fc00000, 0x000000072fc00000|100%| E|CS|TAMS 0x000000072fb00000, 0x000000072fb00000| Complete 
| 222|0x000000072fc00000, 0x000000072fd00000, 0x000000072fd00000|100%| E|CS|TAMS 0x000000072fc00000, 0x000000072fc00000| Complete 
| 223|0x000000072fd00000, 0x000000072fe00000, 0x000000072fe00000|100%| E|CS|TAMS 0x000000072fd00000, 0x000000072fd00000| Complete 

Card table byte_map: [0x0000013e24310000,0x0000013e24a10000] _byte_map_base: 0x0000013e20a01000

Marking Bits (Prev, Next): (CMBitMap*) 0x0000013e0be7b368, (CMBitMap*) 0x0000013e0be7b3a0
 Prev Bits: [0x0000013e25110000, 0x0000013e28898000)
 Next Bits: [0x0000013e288a0000, 0x0000013e2c028000)

Polling page: 0x0000013e0a560000

Metaspace:

Usage:
  Non-class:     32.65 MB capacity,    32.38 MB (>99%) used,   222.84 KB ( <1%) free+waste,    57.38 KB ( <1%) overhead. 
      Class:      4.52 MB capacity,     4.35 MB ( 96%) used,   147.21 KB (  3%) free+waste,    24.06 KB ( <1%) overhead. 
       Both:     37.17 MB capacity,    36.73 MB ( 99%) used,   370.05 KB ( <1%) free+waste,    81.44 KB ( <1%) overhead. 

Virtual space:
  Non-class space:       34.00 MB reserved,      32.83 MB ( 97%) committed 
      Class space:        1.00 GB reserved,       4.63 MB ( <1%) committed 
             Both:        1.03 GB reserved,      37.45 MB (  4%) committed 

Chunk freelists:
   Non-Class:  6.25 KB
       Class:  2.00 KB
        Both:  8.25 KB

CodeHeap 'non-profiled nmethods': size=120000Kb used=2438Kb max_used=2438Kb free=117561Kb
 bounds [0x0000013e1bc80000, 0x0000013e1bef0000, 0x0000013e231b0000]
CodeHeap 'profiled nmethods': size=120000Kb used=6060Kb max_used=6060Kb free=113939Kb
 bounds [0x0000013e14750000, 0x0000013e14d40000, 0x0000013e1bc80000]
CodeHeap 'non-nmethods': size=5760Kb used=1286Kb max_used=1394Kb free=4473Kb
 bounds [0x0000013e141b0000, 0x0000013e14420000, 0x0000013e14750000]
 total_blobs=3955 nmethods=2707 adapters=461
 compilation: enabled
              stopped_count=0, restarted_count=0
 full_count=0

Compilation events (10 events):
Event: 483.907 Thread 0x0000013e2f468800 2703       1       java.util.concurrent.locks.AbstractQueuedSynchronizer::setState (6 bytes)
Event: 483.907 Thread 0x0000013e2f468800 nmethod 2703 0x0000013e1bed6090 code [0x0000013e1bed6240, 0x0000013e1bed6358]
Event: 633.957 Thread 0x0000013e2f468800 2704       1       java.util.concurrent.atomic.AtomicInteger::get (5 bytes)
Event: 633.957 Thread 0x0000013e2f468800 nmethod 2704 0x0000013e1bed6410 code [0x0000013e1bed65c0, 0x0000013e1bed66d8]
Event: 764.479 Thread 0x0000013e2f45d000 2705       4       org.eclipse.jdt.launching.internal.org.objectweb.asm.ClassReader::readMethod (1052 bytes)
Event: 764.919 Thread 0x0000013e2f45d000 nmethod 2705 0x0000013e1bed6790 code [0x0000013e1bed6bc0, 0x0000013e1bede910]
Event: 1174.121 Thread 0x0000013e2f468800 2706       3       java.lang.invoke.VarHandleGuards::guard_LII_Z (70 bytes)
Event: 1174.123 Thread 0x0000013e2f468800 nmethod 2706 0x0000013e14d38e90 code [0x0000013e14d39140, 0x0000013e14d3a2f0]
Event: 1174.123 Thread 0x0000013e2f468800 2707       3       java.lang.invoke.VarHandleInts$FieldInstanceReadWrite::compareAndSet (24 bytes)
Event: 1174.123 Thread 0x0000013e2f468800 nmethod 2707 0x0000013e14d3a890 code [0x0000013e14d3aaa0, 0x0000013e14d3afd0]

GC Heap History (8 events):
Event: 1.008 GC heap before
{Heap before GC invocations=0 (full 0):
 garbage-first heap   total 229376K, used 24576K [0x0000000721e00000, 0x0000000800000000)
  region size 1024K, 24 young (24576K), 0 survivors (0K)
 Metaspace       used 11661K, capacity 11893K, committed 11904K, reserved 1060864K
  class space    used 1077K, capacity 1149K, committed 1152K, reserved 1048576K
}
Event: 1.012 GC heap after
{Heap after GC invocations=1 (full 0):
 garbage-first heap   total 229376K, used 3830K [0x0000000721e00000, 0x0000000800000000)
  region size 1024K, 3 young (3072K), 3 survivors (3072K)
 Metaspace       used 11661K, capacity 11893K, committed 11904K, reserved 1060864K
  class space    used 1077K, capacity 1149K, committed 1152K, reserved 1048576K
}
Event: 3.043 GC heap before
{Heap before GC invocations=1 (full 0):
 garbage-first heap   total 229376K, used 87798K [0x0000000721e00000, 0x0000000800000000)
  region size 1024K, 87 young (89088K), 3 survivors (3072K)
 Metaspace       used 20816K, capacity 21118K, committed 21296K, reserved 1069056K
  class space    used 2226K, capacity 2351K, committed 2432K, reserved 1048576K
}
Event: 3.049 GC heap after
{Heap after GC invocations=2 (full 0):
 garbage-first heap   total 229376K, used 5812K [0x0000000721e00000, 0x0000000800000000)
  region size 1024K, 5 young (5120K), 5 survivors (5120K)
 Metaspace       used 20816K, capacity 21118K, committed 21296K, reserved 1069056K
  class space    used 2226K, capacity 2351K, committed 2432K, reserved 1048576K
}
Event: 5.119 GC heap before
{Heap before GC invocations=3 (full 0):
 garbage-first heap   total 229376K, used 105140K [0x0000000721e00000, 0x0000000800000000)
  region size 1024K, 102 young (104448K), 5 survivors (5120K)
 Metaspace       used 30561K, capacity 30992K, committed 31280K, reserved 1077248K
  class space    used 3482K, capacity 3617K, committed 3712K, reserved 1048576K
}
Event: 5.128 GC heap after
{Heap after GC invocations=4 (full 0):
 garbage-first heap   total 229376K, used 7951K [0x0000000721e00000, 0x0000000800000000)
  region size 1024K, 7 young (7168K), 7 survivors (7168K)
 Metaspace       used 30561K, capacity 30992K, committed 31280K, reserved 1077248K
  class space    used 3482K, capacity 3617K, committed 3712K, reserved 1048576K
}
Event: 6.184 GC heap before
{Heap before GC invocations=4 (full 0):
 garbage-first heap   total 229376K, used 68367K [0x0000000721e00000, 0x0000000800000000)
  region size 1024K, 67 young (68608K), 7 survivors (7168K)
 Metaspace       used 35449K, capacity 35866K, committed 35920K, reserved 1081344K
  class space    used 4202K, capacity 4339K, committed 4352K, reserved 1048576K
}
Event: 6.193 GC heap after
{Heap after GC invocations=5 (full 0):
 garbage-first heap   total 229376K, used 9216K [0x0000000721e00000, 0x0000000800000000)
  region size 1024K, 8 young (8192K), 8 survivors (8192K)
 Metaspace       used 35449K, capacity 35866K, committed 35920K, reserved 1081344K
  class space    used 4202K, capacity 4339K, committed 4352K, reserved 1048576K
}

Deoptimization events (10 events):
Event: 5.871 Thread 0x0000013e0be20800 Uncommon trap: reason=bimorphic_or_optimized_type_check action=maybe_recompile pc=0x0000013e1bdaaaa0 method=java.util.HashMap.putVal(ILjava/lang/Object;Ljava/lang/Object;ZZ)Ljava/lang/Object; @ 203 c2
Event: 6.010 Thread 0x0000013e0be20800 Uncommon trap: reason=unstable_if action=reinterpret pc=0x0000013e1be8d9a4 method=org.eclipse.jdt.launching.internal.org.objectweb.asm.FieldWriter.putFieldInfo(Lorg/eclipse/jdt/launching/internal/org/objectweb/asm/ByteVector;)V @ 9 c2
Event: 6.010 Thread 0x0000013e0be20800 Uncommon trap: reason=unstable_if action=reinterpret pc=0x0000013e1bd29a0c method=org.eclipse.jdt.launching.internal.org.objectweb.asm.MethodWriter.putMethodInfo(Lorg/eclipse/jdt/launching/internal/org/objectweb/asm/ByteVector;)V @ 9 c2
Event: 6.033 Thread 0x0000013e0be20800 Uncommon trap: reason=unstable_if action=reinterpret pc=0x0000013e1be15aac method=org.eclipse.jdt.launching.internal.org.objectweb.asm.ClassReader.readField(Lorg/eclipse/jdt/launching/internal/org/objectweb/asm/ClassVisitor;Lorg/eclipse/jdt/launching/inte
Event: 6.033 Thread 0x0000013e0be20800 Uncommon trap: reason=unstable_if action=reinterpret pc=0x0000013e1bda3f3c method=org.eclipse.jdt.launching.internal.org.objectweb.asm.ClassReader.readMethod(Lorg/eclipse/jdt/launching/internal/org/objectweb/asm/ClassVisitor;Lorg/eclipse/jdt/launching/int
Event: 6.033 Thread 0x0000013e0be20800 Uncommon trap: reason=unstable_if action=reinterpret pc=0x0000013e1be251bc method=org.eclipse.jdt.launching.internal.org.objectweb.asm.Attribute.computeAttributesSize(Lorg/eclipse/jdt/launching/internal/org/objectweb/asm/SymbolTable;II)I @ 16 c2
Event: 6.033 Thread 0x0000013e0be20800 Uncommon trap: reason=unstable_if action=reinterpret pc=0x0000013e1bd0294c method=org.eclipse.jdt.launching.internal.org.objectweb.asm.Attribute.computeAttributesSize(Lorg/eclipse/jdt/launching/internal/org/objectweb/asm/SymbolTable;II)I @ 16 c2
Event: 6.033 Thread 0x0000013e0be20800 Uncommon trap: reason=unstable_if action=reinterpret pc=0x0000013e1bd332e8 method=org.eclipse.jdt.launching.internal.org.objectweb.asm.Attribute.computeAttributesSize(Lorg/eclipse/jdt/launching/internal/org/objectweb/asm/SymbolTable;II)I @ 16 c2
Event: 6.033 Thread 0x0000013e0be20800 Uncommon trap: reason=unstable_if action=reinterpret pc=0x0000013e1bd0a3f4 method=org.eclipse.jdt.launching.internal.org.objectweb.asm.Attribute.putAttributes(Lorg/eclipse/jdt/launching/internal/org/objectweb/asm/SymbolTable;IILorg/eclipse/jdt/launching/i
Event: 6.063 Thread 0x0000013e0be20800 Uncommon trap: reason=unstable_if action=reinterpret pc=0x0000013e1bc949e4 method=java.lang.CharacterData.of(I)Ljava/lang/CharacterData; @ 4 c2

Classes redefined (10 events):
Event: 285.561 Thread 0x0000013e2f3d9000 redefined class name=dao.DAOTitularJPA, count=1
Event: 316.032 Thread 0x0000013e2f3d9000 redefined class name=dao.DAOTitularJPA, count=2
Event: 466.197 Thread 0x0000013e2f3d9000 redefined class name=software.josecarbone.tp.metodos.agiles.DAOLicenciaTest, count=2
Event: 511.981 Thread 0x0000013e2f3d9000 redefined class name=dao.DAOLicenciaJPA, count=1
Event: 764.515 Thread 0x0000013e2f3d9000 redefined class name=dao.DAOLicenciaJPA, count=2
Event: 797.241 Thread 0x0000013e2f3d9000 redefined class name=dao.DAOLicenciaJPA, count=3
Event: 1215.019 Thread 0x0000013e2f3d9000 redefined class name=software.josecarbone.tp.metodos.agiles.DAOLicenciaTest, count=3
Event: 1247.919 Thread 0x0000013e2f3d9000 redefined class name=software.josecarbone.tp.metodos.agiles.DAOLicenciaTest, count=4
Event: 1266.200 Thread 0x0000013e2f3d9000 redefined class name=software.josecarbone.tp.metodos.agiles.DAOLicenciaTest, count=5
Event: 1348.500 Thread 0x0000013e2f3d9000 redefined class name=software.josecarbone.tp.metodos.agiles.DAOLicenciaTest, count=6

Internal exceptions (10 events):
Event: 2.946 Thread 0x0000013e0be20800 Exception <a 'java/lang/NoSuchMethodError'{0x000000072ac96a20}: java.lang.invoke.DirectMethodHandle$Holder.invokeStaticInit(Ljava/lang/Object;Ljava/lang/Object;IIII)Ljava/lang/Object;> (0x000000072ac96a20) thrown at [t:/workspace/open/src/hotspot/share/in
Event: 3.071 Thread 0x0000013e0be20800 Implicit null exception at 0x0000013e1bcc9181 to 0x0000013e1bcca4fa
Event: 3.750 Thread 0x0000013e0be20800 Exception <a 'java/lang/NoSuchMethodError'{0x000000072df7b638}: java.lang.invoke.DirectMethodHandle$Holder.invokeVirtual(Ljava/lang/Object;Ljava/lang/Object;)V> (0x000000072df7b638) thrown at [t:/workspace/open/src/hotspot/share/interpreter/linkResolver.c
Event: 4.665 Thread 0x0000013e0be20800 Exception <a 'java/lang/NoSuchMethodError'{0x000000072b5986e8}: java.lang.invoke.DirectMethodHandle$Holder.newInvokeSpecial(Ljava/lang/Object;Ljava/lang/Object;ILjava/lang/Object;Ljava/lang/Object;)Ljava/lang/Object;> (0x000000072b5986e8) thrown at [t:/wo
Event: 5.738 Thread 0x0000013e0be20800 Exception <a 'java/lang/NoSuchMethodError'{0x000000072e1d93e8}: java.lang.invoke.DirectMethodHandle$Holder.invokeInterface(Ljava/lang/Object;Ljava/lang/Object;)V> (0x000000072e1d93e8) thrown at [t:/workspace/open/src/hotspot/share/interpreter/linkResolver
Event: 5.765 Thread 0x0000013e0be20800 Exception <a 'java/lang/NoSuchMethodError'{0x000000072dfa56e8}: java.lang.invoke.DirectMethodHandle$Holder.invokeStaticInit(Ljava/lang/Object;Ljava/lang/Object;Ljava/lang/Object;Ljava/lang/Object;II)Ljava/lang/Object;> (0x000000072dfa56e8) thrown at [t:/w
Event: 6.288 Thread 0x0000013e0be20800 Exception <a 'java/lang/NoSuchMethodError'{0x000000072f719978}: java.lang.invoke.DirectMethodHandle$Holder.invokeInterface(Ljava/lang/Object;Ljava/lang/Object;Ljava/lang/Object;)Ljava/lang/Object;> (0x000000072f719978) thrown at [t:/workspace/open/src/hot
Event: 6.413 Thread 0x0000013e0be20800 Exception <a 'java/lang/NoSuchMethodError'{0x000000072eef5158}: java.lang.invoke.DirectMethodHandle$Holder.invokeStaticInit(Ljava/lang/Object;Ljava/lang/Object;Ljava/lang/Object;Ljava/lang/Object;Ljava/lang/Object;Ljava/lang/Object;)Ljava/lang/Object;> (0
Event: 6.442 Thread 0x0000013e0be20800 Exception <a 'java/lang/NoSuchMethodError'{0x000000072edf9d40}: java.lang.invoke.DirectMethodHandle$Holder.invokeInterface(Ljava/lang/Object;Ljava/lang/Object;Ljava/lang/Object;Ljava/lang/Object;)V> (0x000000072edf9d40) thrown at [t:/workspace/open/src/ho
Event: 6.510 Thread 0x0000013e0be20800 Exception <a 'java/lang/NoSuchMethodError'{0x000000072e958c60}: java.lang.invoke.DirectMethodHandle$Holder.invokeStatic(Ljava/lang/Object;Ljava/lang/Object;Ljava/lang/Object;Ljava/lang/Object;)V> (0x000000072e958c60) thrown at [t:/workspace/open/src/hotsp

Events (10 events):
Event: 1348.526 Executing VM operation: SetFramePop done
Event: 1348.526 Executing VM operation: GetFrameLocation
Event: 1348.526 Executing VM operation: GetFrameLocation done
Event: 1348.526 Executing VM operation: GetCurrentLocation
Event: 1348.526 Executing VM operation: GetCurrentLocation done
Event: 1348.526 Executing VM operation: ChangeSingleStep
Event: 1348.526 Executing VM operation: ChangeSingleStep done
Event: 1348.526 Executing VM operation: GetFrameLocation
Event: 1348.526 Executing VM operation: GetFrameLocation done
Event: 1348.526 Executing VM operation: GetOrSetLocal


Dynamic libraries:
0x00007ff71a730000 - 0x00007ff71a777000 	C:\Program Files\Java\jdk-11.0.6\bin\javaw.exe
0x00007ffa59430000 - 0x00007ffa59626000 	C:\WINDOWS\SYSTEM32\ntdll.dll
0x00007ffa587e0000 - 0x00007ffa5889d000 	C:\WINDOWS\System32\KERNEL32.DLL
0x00007ffa56f40000 - 0x00007ffa57209000 	C:\WINDOWS\System32\KERNELBASE.dll
0x00007ffa58310000 - 0x00007ffa583bc000 	C:\WINDOWS\System32\ADVAPI32.dll
0x00007ffa57510000 - 0x00007ffa575ae000 	C:\WINDOWS\System32\msvcrt.dll
0x00007ffa58690000 - 0x00007ffa5872c000 	C:\WINDOWS\System32\sechost.dll
0x00007ffa58560000 - 0x00007ffa5868b000 	C:\WINDOWS\System32\RPCRT4.dll
0x00007ffa58c30000 - 0x00007ffa58dd0000 	C:\WINDOWS\System32\USER32.dll
0x00007ffa56b70000 - 0x00007ffa56b92000 	C:\WINDOWS\System32\win32u.dll
0x00007ffa58e00000 - 0x00007ffa58e2a000 	C:\WINDOWS\System32\GDI32.dll
0x00007ffa56ba0000 - 0x00007ffa56ca9000 	C:\WINDOWS\System32\gdi32full.dll
0x00007ffa573f0000 - 0x00007ffa5748d000 	C:\WINDOWS\System32\msvcp_win.dll
0x00007ffa56d60000 - 0x00007ffa56e60000 	C:\WINDOWS\System32\ucrtbase.dll
0x00007ffa4a850000 - 0x00007ffa4aaeb000 	C:\WINDOWS\WinSxS\amd64_microsoft.windows.common-controls_6595b64144ccf1df_6.0.19041.488_none_ca04af081b815d21\COMCTL32.dll
0x00007ffa4c510000 - 0x00007ffa4c51a000 	C:\WINDOWS\SYSTEM32\VERSION.dll
0x00007ffa58dd0000 - 0x00007ffa58e00000 	C:\WINDOWS\System32\IMM32.DLL
0x00007ffa30d10000 - 0x00007ffa30d26000 	C:\Program Files\Java\jdk-11.0.6\bin\vcruntime140.dll
0x00007ffa1e390000 - 0x00007ffa1e43a000 	C:\Program Files\Java\jdk-11.0.6\bin\msvcp140.dll
0x00007ffa1b4b0000 - 0x00007ffa1bfd9000 	C:\Program Files\Java\jdk-11.0.6\bin\server\jvm.dll
0x00007ffa588a0000 - 0x00007ffa588a8000 	C:\WINDOWS\System32\PSAPI.DLL
0x00007ffa36be0000 - 0x00007ffa36be9000 	C:\WINDOWS\SYSTEM32\WSOCK32.dll
0x00007ffa4a480000 - 0x00007ffa4a4a7000 	C:\WINDOWS\SYSTEM32\WINMM.dll
0x00007ffa58bc0000 - 0x00007ffa58c2b000 	C:\WINDOWS\System32\WS2_32.dll
0x00007ffa55450000 - 0x00007ffa55462000 	C:\WINDOWS\SYSTEM32\kernel.appcore.dll
0x00007ffa514f0000 - 0x00007ffa51501000 	C:\Program Files\Java\jdk-11.0.6\bin\verify.dll
0x00007ffa55050000 - 0x00007ffa55234000 	C:\WINDOWS\SYSTEM32\DBGHELP.DLL
0x00007ffa4c5e0000 - 0x00007ffa4c60c000 	C:\WINDOWS\SYSTEM32\dbgcore.DLL
0x00007ffa57210000 - 0x00007ffa57290000 	C:\WINDOWS\System32\bcryptPrimitives.dll
0x00007ffa431d0000 - 0x00007ffa431f9000 	C:\Program Files\Java\jdk-11.0.6\bin\java.dll
0x00007ffa3ff30000 - 0x00007ffa3ff67000 	C:\Program Files\Java\jdk-11.0.6\bin\jdwp.dll
0x00007ffa2ec30000 - 0x00007ffa2ec5f000 	C:\Program Files\Java\jdk-11.0.6\bin\instrument.dll
0x00007ffa49c90000 - 0x00007ffa49ca6000 	C:\Program Files\Java\jdk-11.0.6\bin\zip.dll
0x00007ffa51410000 - 0x00007ffa5141a000 	C:\Program Files\Java\jdk-11.0.6\bin\jimage.dll
0x00007ffa57bc0000 - 0x00007ffa58302000 	C:\WINDOWS\System32\SHELL32.dll
0x00007ffa547e0000 - 0x00007ffa54f75000 	C:\WINDOWS\SYSTEM32\windows.storage.dll
0x00007ffa59090000 - 0x00007ffa593e6000 	C:\WINDOWS\System32\combase.dll
0x00007ffa56510000 - 0x00007ffa5653c000 	C:\WINDOWS\SYSTEM32\Wldp.dll
0x00007ffa58730000 - 0x00007ffa587de000 	C:\WINDOWS\System32\SHCORE.dll
0x00007ffa583c0000 - 0x00007ffa58415000 	C:\WINDOWS\System32\shlwapi.dll
0x00007ffa56aa0000 - 0x00007ffa56ac6000 	C:\WINDOWS\SYSTEM32\profapi.dll
0x00007ffa51880000 - 0x00007ffa5188a000 	C:\Program Files\Java\jdk-11.0.6\bin\dt_socket.dll
0x00007ffa56290000 - 0x00007ffa562fa000 	C:\WINDOWS\System32\mswsock.dll
0x00007ffa55fc0000 - 0x00007ffa5608b000 	C:\WINDOWS\SYSTEM32\DNSAPI.dll
0x00007ffa55f80000 - 0x00007ffa55fbb000 	C:\WINDOWS\SYSTEM32\IPHLPAPI.DLL
0x00007ffa58bb0000 - 0x00007ffa58bb8000 	C:\WINDOWS\System32\NSI.dll
0x00007ffa4e5a0000 - 0x00007ffa4e61f000 	C:\WINDOWS\System32\fwpuclnt.dll
0x00007ffa56f10000 - 0x00007ffa56f37000 	C:\WINDOWS\System32\bcrypt.dll
0x00007ffa4f580000 - 0x00007ffa4f58a000 	C:\Windows\System32\rasadhlp.dll
0x00007ffa498e0000 - 0x00007ffa498f9000 	C:\Program Files\Java\jdk-11.0.6\bin\net.dll
0x00007ffa4e8e0000 - 0x00007ffa4e9e0000 	C:\WINDOWS\SYSTEM32\WINHTTP.dll
0x00007ffa40010000 - 0x00007ffa40023000 	C:\Program Files\Java\jdk-11.0.6\bin\nio.dll
0x00007ffa56460000 - 0x00007ffa56478000 	C:\WINDOWS\SYSTEM32\CRYPTSP.dll
0x00007ffa55c20000 - 0x00007ffa55c54000 	C:\WINDOWS\system32\rsaenh.dll
0x00007ffa56a60000 - 0x00007ffa56a8e000 	C:\WINDOWS\SYSTEM32\USERENV.dll
0x00007ffa56480000 - 0x00007ffa5648c000 	C:\WINDOWS\SYSTEM32\CRYPTBASE.dll
0x00007ffa4ee50000 - 0x00007ffa4ee67000 	C:\WINDOWS\SYSTEM32\dhcpcsvc6.DLL
0x00007ffa4ed60000 - 0x00007ffa4ed7d000 	C:\WINDOWS\SYSTEM32\dhcpcsvc.DLL

dbghelp: loaded successfully - version: 4.0.5 - missing functions: none
symbol engine: initialized successfully - sym options: 0x614 - pdb path: .;C:\Program Files\Java\jdk-11.0.6\bin;C:\WINDOWS\SYSTEM32;C:\WINDOWS\WinSxS\amd64_microsoft.windows.common-controls_6595b64144ccf1df_6.0.19041.488_none_ca04af081b815d21;C:\Program Files\Java\jdk-11.0.6\bin\server

VM Arguments:
jvm_args: -agentlib:jdwp=transport=dt_socket,suspend=y,address=localhost:53723 -ea -javaagent:C:\Users\joche\eclipse\java-2019-12\eclipse\configuration\org.eclipse.osgi\226\0\.cp\lib\javaagent-shaded.jar -Dfile.encoding=UTF-8 
java_command: org.eclipse.jdt.internal.junit.runner.RemoteTestRunner -version 3 -port 53722 -testLoaderClass org.eclipse.jdt.internal.junit4.runner.JUnit4TestLoader -loaderpluginname org.eclipse.jdt.junit4.runtime -test software.josecarbone.tp.metodos.agiles.DAOLicenciaTest:emitirLicenciaPrueba
java_class_path (initial): C:\Users\joche\OneDrive\Escritorio\Metodos-Agiles\target\test-classes;C:\Users\joche\OneDrive\Escritorio\Metodos-Agiles\target\classes;C:\Users\joche\.p2\pool\plugins\org.junit_4.12.0.v201504281640\junit.jar;C:\Users\joche\.p2\pool\plugins\org.hamcrest.core_1.3.0.v20180420-1519.jar;C:\Users\joche\OneDrive\Escritorio\Metodos-Agiles\jcalendar-1.4.jar;C:\Users\joche\.m2\repository\junit\junit\3.8.1\junit-3.8.1.jar;C:\Users\joche\.m2\repository\io\agroal\agroal-pool\1.8\agroal-pool-1.8.jar;C:\Users\joche\.m2\repository\org\jboss\logging\jboss-logging\3.3.2.Final\jboss-logging-3.3.2.Final.jar;C:\Users\joche\.m2\repository\org\hibernate\hibernate-core\5.4.22.Final\hibernate-core-5.4.22.Final.jar;C:\Users\joche\.m2\repository\javax\persistence\javax.persistence-api\2.2\javax.persistence-api-2.2.jar;C:\Users\joche\.m2\repository\org\javassist\javassist\3.24.0-GA\javassist-3.24.0-GA.jar;C:\Users\joche\.m2\repository\net\bytebuddy\byte-buddy\1.10.10\byte-buddy-1.10.10.jar;C:\Users\joche\.m2\repository\antlr\antlr\2.7.7\antlr-2.7.7.jar;C:\Users\joche\.m2\repository\org\jboss\spec\javax\transaction\jboss-transaction-api_1.2_spec\1.1.1.Final\jboss-transaction-api_1.2_spec-1.1.1.Final.jar;C:\Users\joche\.m2\repository\org\jboss\jandex\2.1.3.Final\jandex-2.1.3.Final.jar;C:\Users\joche\.m2\repository\com\fasterxml\classmate\1.5.1\classmate-1.5.1.jar;C:\Users\joche\.m2\repository\javax\activation\javax.activation-api\1.2.0\javax.activation-api-1.2.0.jar;C:\Users\joche\.m2\repository\org\dom4j\dom4j\2.1.3\dom4j-2.1.3.jar;C:\Users\joche\.m2\repository\org\hibernate\common\hibernate-commons-annotations\5.1.0.Final\hibernate-commons-annotations-5.1.0.Final.jar;C:\Users\joche\.m2\repository\javax\xml\bind\jaxb-api\2.3.1\jaxb-api-2.3.1.jar;C:\Users\joche\.m2\repository\org\glassfish\jaxb\jaxb-runtime\2.3.1\jaxb-runtime-2.3.1.jar;C:\Users\joche\.m2\repository\org\glassfish\jaxb\txw2\2.3.1\txw2-2.3.1.jar;C:\Users\joche\.m2\repository\com\sun\istack\istack-common
Launcher Type: SUN_STANDARD

[Global flags]
     intx CICompilerCount                          = 4                                         {product} {ergonomic}
     uint ConcGCThreads                            = 2                                         {product} {ergonomic}
     uint G1ConcRefinementThreads                  = 8                                         {product} {ergonomic}
   size_t G1HeapRegionSize                         = 1048576                                   {product} {ergonomic}
    uintx GCDrainStackTargetSize                   = 64                                        {product} {ergonomic}
   size_t InitialHeapSize                          = 234881024                                 {product} {ergonomic}
   size_t MarkStackSize                            = 4194304                                   {product} {ergonomic}
   size_t MaxHeapSize                              = 3726639104                                {product} {ergonomic}
   size_t MaxNewSize                               = 2235564032                                {product} {ergonomic}
   size_t MinHeapDeltaBytes                        = 1048576                                   {product} {ergonomic}
    uintx NonNMethodCodeHeapSize                   = 5836300                                {pd product} {ergonomic}
    uintx NonProfiledCodeHeapSize                  = 122910970                              {pd product} {ergonomic}
    uintx ProfiledCodeHeapSize                     = 122910970                              {pd product} {ergonomic}
    uintx ReservedCodeCacheSize                    = 251658240                              {pd product} {ergonomic}
     bool SegmentedCodeCache                       = true                                      {product} {ergonomic}
     bool UseCompressedClassPointers               = true                                 {lp64_product} {ergonomic}
     bool UseCompressedOops                        = true                                 {lp64_product} {ergonomic}
     bool UseG1GC                                  = true                                      {product} {ergonomic}
     bool UseLargePagesIndividualAllocation        = false                                  {pd product} {ergonomic}

Logging:
Log output configuration:
 #0: stdout all=warning uptime,level,tags
 #1: stderr all=off uptime,level,tags

Environment Variables:
JAVA_HOME=C:\Program Files\Java\jdk-11.0.6
PATH=C:/Program Files/Java/jdk-11.0.6/bin/server;C:/Program Files/Java/jdk-11.0.6/bin;C:\Program Files\Common Files\Oracle\Java\javapath;C:\Program Files (x86)\Common Files\Oracle\Java\javapath;C:\Python38\Scripts\;C:\Python38\;C:\Program Files\Java\jdk-11.0.6\bin;C:\Python27\;C:\Python27\Scripts;C:\WINDOWS\system32;C:\WINDOWS;C:\WINDOWS\System32\Wbem;C:\WINDOWS\System32\WindowsPowerShell\v1.0\;C:\WINDOWS\System32\OpenSSH\;C:\ProgramData\chocolatey\bin;C:\Program Files\Git\cmd;C:\Program Files\PuTTY\;C:\Program Files\dotnet\;C:\Users\joche\AppData\Roaming\nvm;C:\Program Files\nodejs;C:\Program Files\MongoDB\Server\4.2\bin;;C:\Program Files\Docker\Docker\resources\bin;C:\ProgramData\DockerDesktop\version-bin;C:\Program Files\Microsoft SQL Server\130\Tools\Binn\;C:\Program Files\Microsoft SQL Server\Client SDK\ODBC\170\Tools\Binn\;C:\Program Files (x86)\Microsoft SQL Server\150\DTS\Binn\;C:\Program Files\Azure Data Studio\bin;C:\Program Files (x86)\Microsoft SQL Server\150\Tools\Binn\;C:\Program Files\Microsoft SQL Server\150\Tools\Binn\;C:\Program Files\Microsoft SQL Server\150\DTS\Binn\;C:\Program Files\MySQL\MySQL Shell 8.0\bin\;C:\Users\joche\AppData\Local\Microsoft\WindowsApps;C:\Users\joche\AppData\Local\Programs\Microsoft VS Code\bin;C:\Program Files\Java\jdk-11.0.6\bin;C:\Users\joche\.dotnet\tools;C:\Users\joche\AppData\Roaming\npm;C:\Users\joche\AppData\Roaming\nvm;C:\Program Files\nodejs;C:\Users\joche\AppData\Roaming\cabal\bin;C:\ProgramData\chocolatey\lib\ghc\tools\ghc-8.10.1\bin;C:\tools\msys64;;C:\Users\joche\AppData\Local\Microsoft\WindowsApps;C:\Program Files\heroku\bin;C:\Users\joche\.dotnet\tools;C:\Program Files\Azure Data Studio\bin;C:\WINDOWS\System32;
USERNAME=joche
OS=Windows_NT
PROCESSOR_IDENTIFIER=AMD64 Family 23 Model 24 Stepping 1, AuthenticAMD



---------------  S Y S T E M  ---------------

OS: Windows 10 , 64 bit Build 19041 (10.0.19041.662)

CPU:total 8 (initial active 8) (8 cores per cpu, 2 threads per core) family 23 model 24 stepping 1, cmov, cx8, fxsr, mmx, sse, sse2, sse3, ssse3, sse4.1, sse4.2, popcnt, avx, avx2, aes, clmul, mmxext, 3dnowpref, lzcnt, sse4a, ht, tsc, tscinvbit, tscinv, bmi1, bmi2, adx, sha, fma

Memory: 4k page, system-wide physical 14214M (3867M free)
TotalPageFile size 25883M (AvailPageFile size 3806M)
current process WorkingSet (physical memory assigned to process): 207M, peak: 301M
current process commit charge ("private bytes"): 360M, peak: 455M

vm_info: Java HotSpot(TM) 64-Bit Server VM (11.0.6+8-LTS) for windows-amd64 JRE (11.0.6+8-LTS), built on Dec 11 2019 09:17:57 by "mach5one" with MS VC++ 15.5 (VS2017)

END.
